d:\projects\github\caprice32-aleste\src\debug\caprice\lib\capricelib.pdb
d:\projects\github\caprice32-aleste\src\debug\caprice\lib\z80dis.obj
d:\projects\github\caprice32-aleste\src\debug\caprice\lib\z80.obj
d:\projects\github\caprice32-aleste\src\debug\caprice\lib\tape.obj
d:\projects\github\caprice32-aleste\src\debug\caprice\lib\psg.obj
d:\projects\github\caprice32-aleste\src\debug\caprice\lib\fdc.obj
d:\projects\github\caprice32-aleste\src\debug\caprice\lib\crtc.obj
d:\projects\github\caprice32-aleste\src\debug\caprice\lib\xbm_cpc.obj
d:\projects\github\caprice32-aleste\src\debug\caprice\lib\loadrom.obj
d:\projects\github\caprice32-aleste\src\debug\caprice\lib\emuimpl.obj
d:\projects\github\caprice32-aleste\src\debug\caprice\lib\dialogs.obj
d:\projects\github\caprice32-aleste\src\debug\caprice\lib\autotype.obj
d:\projects\github\caprice32-aleste\src\debug\caprice\lib\config.obj
d:\projects\github\caprice32-aleste\src\debug\caprice\lib\capzip.obj
d:\projects\github\caprice32-aleste\src\debug\caprice\lib\aleste.obj
d:\projects\github\caprice32-aleste\src\debug\caprice\lib\cap32.obj
d:\projects\github\caprice32-aleste\src\lib\caprice_d.lib
d:\projects\github\caprice32-aleste\src\debug\caprice\lib\capricelib.tlog\cl.command.1.tlog
d:\projects\github\caprice32-aleste\src\debug\caprice\lib\capricelib.tlog\cl.read.1.tlog
d:\projects\github\caprice32-aleste\src\debug\caprice\lib\capricelib.tlog\cl.write.1.tlog
d:\projects\github\caprice32-aleste\src\debug\caprice\lib\capricelib.tlog\lib-link.read.1.tlog
d:\projects\github\caprice32-aleste\src\debug\caprice\lib\capricelib.tlog\lib-link.write.1.tlog
d:\projects\github\caprice32-aleste\src\debug\caprice\lib\capricelib.tlog\lib.command.1.tlog
